# JRE version: OpenJDK Runtime Environment (17.0.7) (build 17.0.7+0-b2043.56-10550314)
# Java VM: OpenJDK 64-Bit Server VM (17.0.7+0-b2043.56-10550314, mixed mode, tiered, compressed oops, compressed class ptrs, g1 gc, windows-amd64)
GC Precious Log:
 CPUs: 12 total, 12 available
 Memory: 16225M
 Large Page Support: Disabled
 NUMA Support: Disabled
 Compressed Oops: Enabled (32-bit)
 Heap Region Size: 1M
 Heap Min Capacity: 8M
 Heap Initial Capacity: 254M
 Heap Max Capacity: 2G
 Pre-touch: Disabled
 Parallel Workers: 10
 Concurrent Workers: 3
 Concurrent Refinement Workers: 10
 Periodic GC: Disabled
Heap:
 garbage-first heap   total 363520K, used 271417K [0x0000000080000000, 0x0000000100000000)
  region size 1024K, 189 young (193536K), 8 survivors (8192K)
 Metaspace       used 98217K, committed 98944K, reserved 1179648K
  class space    used 13740K, committed 14080K, reserved 1048576K
GC Heap History (20 events):
Event: 3.331 GC heap before
{Heap before GC invocations=34 (full 0):
 garbage-first heap   total 147456K, used 69405K [0x0000000080000000, 0x0000000100000000)
  region size 1024K, 5 young (5120K), 4 survivors (4096K)
 Metaspace       used 65233K, committed 65920K, reserved 1114112K
  class space    used 8758K, committed 9088K, reserved 1048576K
}
Event: 3.332 GC heap after
{Heap after GC invocations=35 (full 0):
 garbage-first heap   total 147456K, used 69038K [0x0000000080000000, 0x0000000100000000)
  region size 1024K, 1 young (1024K), 1 survivors (1024K)
 Metaspace       used 65233K, committed 65920K, reserved 1114112K
  class space    used 8758K, committed 9088K, reserved 1048576K
}
Event: 3.508 GC heap before
{Heap before GC invocations=36 (full 0):
 garbage-first heap   total 147456K, used 107950K [0x0000000080000000, 0x0000000100000000)
  region size 1024K, 38 young (38912K), 1 survivors (1024K)
 Metaspace       used 67954K, committed 68544K, reserved 1114112K
  class space    used 9129K, committed 9408K, reserved 1048576K
}
Event: 3.509 GC heap after
{Heap after GC invocations=37 (full 0):
 garbage-first heap   total 147456K, used 72204K [0x0000000080000000, 0x0000000100000000)
  region size 1024K, 4 young (4096K), 4 survivors (4096K)
 Metaspace       used 67954K, committed 68544K, reserved 1114112K
  class space    used 9129K, committed 9408K, reserved 1048576K
}
Event: 3.631 GC heap before
{Heap before GC invocations=37 (full 0):
 garbage-first heap   total 147456K, used 98828K [0x0000000080000000, 0x0000000100000000)
  region size 1024K, 31 young (31744K), 4 survivors (4096K)
 Metaspace       used 70116K, committed 70720K, reserved 1114112K
  class space    used 9432K, committed 9728K, reserved 1048576K
}
Event: 3.633 GC heap after
{Heap after GC invocations=38 (full 0):
 garbage-first heap   total 147456K, used 73610K [0x0000000080000000, 0x0000000100000000)
  region size 1024K, 5 young (5120K), 5 survivors (5120K)
 Metaspace       used 70116K, committed 70720K, reserved 1114112K
  class space    used 9432K, committed 9728K, reserved 1048576K
}
Event: 3.843 GC heap before
{Heap before GC invocations=39 (full 0):
 garbage-first heap   total 147456K, used 113546K [0x0000000080000000, 0x0000000100000000)
  region size 1024K, 43 young (44032K), 5 survivors (5120K)
 Metaspace       used 74027K, committed 74624K, reserved 1114112K
  class space    used 9979K, committed 10240K, reserved 1048576K
}
Event: 3.845 GC heap after
{Heap after GC invocations=40 (full 0):
 garbage-first heap   total 147456K, used 75866K [0x0000000080000000, 0x0000000100000000)
  region size 1024K, 4 young (4096K), 4 survivors (4096K)
 Metaspace       used 74027K, committed 74624K, reserved 1114112K
  class space    used 9979K, committed 10240K, reserved 1048576K
}
Event: 3.859 GC heap before
{Heap before GC invocations=40 (full 0):
 garbage-first heap   total 147456K, used 78938K [0x0000000080000000, 0x0000000100000000)
  region size 1024K, 7 young (7168K), 4 survivors (4096K)
 Metaspace       used 74366K, committed 74944K, reserved 1114112K
  class space    used 10029K, committed 10304K, reserved 1048576K
}
Event: 3.861 GC heap after
{Heap after GC invocations=41 (full 0):
 garbage-first heap   total 147456K, used 76394K [0x0000000080000000, 0x0000000100000000)
  region size 1024K, 1 young (1024K), 1 survivors (1024K)
 Metaspace       used 74366K, committed 74944K, reserved 1114112K
  class space    used 10029K, committed 10304K, reserved 1048576K
}
Event: 4.046 GC heap before
{Heap before GC invocations=41 (full 0):
 garbage-first heap   total 147456K, used 115306K [0x0000000080000000, 0x0000000100000000)
  region size 1024K, 39 young (39936K), 1 survivors (1024K)
 Metaspace       used 77298K, committed 77888K, reserved 1179648K
  class space    used 10438K, committed 10688K, reserved 1048576K
}
Event: 4.047 GC heap after
{Heap after GC invocations=42 (full 0):
 garbage-first heap   total 147456K, used 78930K [0x0000000080000000, 0x0000000100000000)
  region size 1024K, 4 young (4096K), 4 survivors (4096K)
 Metaspace       used 77298K, committed 77888K, reserved 1179648K
  class space    used 10438K, committed 10688K, reserved 1048576K
}
Event: 4.193 GC heap before
{Heap before GC invocations=43 (full 0):
 garbage-first heap   total 147456K, used 116818K [0x0000000080000000, 0x0000000100000000)
  region size 1024K, 41 young (41984K), 4 survivors (4096K)
 Metaspace       used 79163K, committed 79808K, reserved 1179648K
  class space    used 10699K, committed 11008K, reserved 1048576K
}
Event: 4.195 GC heap after
{Heap after GC invocations=44 (full 0):
 garbage-first heap   total 147456K, used 80681K [0x0000000080000000, 0x0000000100000000)
  region size 1024K, 5 young (5120K), 5 survivors (5120K)
 Metaspace       used 79163K, committed 79808K, reserved 1179648K
  class space    used 10699K, committed 11008K, reserved 1048576K
}
Event: 4.204 GC heap before
{Heap before GC invocations=44 (full 0):
 garbage-first heap   total 147456K, used 81705K [0x0000000080000000, 0x0000000100000000)
  region size 1024K, 7 young (7168K), 5 survivors (5120K)
 Metaspace       used 79299K, committed 79936K, reserved 1179648K
  class space    used 10716K, committed 11008K, reserved 1048576K
}
Event: 4.206 GC heap after
{Heap after GC invocations=45 (full 0):
 garbage-first heap   total 147456K, used 80537K [0x0000000080000000, 0x0000000100000000)
  region size 1024K, 1 young (1024K), 1 survivors (1024K)
 Metaspace       used 79299K, committed 79936K, reserved 1179648K
  class space    used 10716K, committed 11008K, reserved 1048576K
}
Event: 4.213 GC heap before
{Heap before GC invocations=45 (full 0):
 garbage-first heap   total 147456K, used 81561K [0x0000000080000000, 0x0000000100000000)
  region size 1024K, 3 young (3072K), 1 survivors (1024K)
 Metaspace       used 79420K, committed 80064K, reserved 1179648K
  class space    used 10729K, committed 11008K, reserved 1048576K
}
Event: 4.214 GC heap after
{Heap after GC invocations=46 (full 0):
 garbage-first heap   total 363520K, used 80328K [0x0000000080000000, 0x0000000100000000)
  region size 1024K, 1 young (1024K), 1 survivors (1024K)
 Metaspace       used 79420K, committed 80064K, reserved 1179648K
  class space    used 10729K, committed 11008K, reserved 1048576K
}
Event: 4.983 GC heap before
{Heap before GC invocations=46 (full 0):
 garbage-first heap   total 363520K, used 237000K [0x0000000080000000, 0x0000000100000000)
  region size 1024K, 153 young (156672K), 1 survivors (1024K)
 Metaspace       used 92594K, committed 93248K, reserved 1179648K
  class space    used 12840K, committed 13120K, reserved 1048576K
}
Event: 4.986 GC heap after
{Heap after GC invocations=47 (full 0):
 garbage-first heap   total 363520K, used 87097K [0x0000000080000000, 0x0000000100000000)
  region size 1024K, 8 young (8192K), 8 survivors (8192K)
 Metaspace       used 92594K, committed 93248K, reserved 1179648K
  class space    used 12840K, committed 13120K, reserved 1048576K
}

